[0.681s] Invoking command in '/root/colcon_workspace/src/buoy_detection': PYTHONPATH=/root/colcon_workspace/build/buoy_detection/prefix_override:/root/colcon_workspace/install/buoy_detection/lib/python3.10/site-packages:${PYTHONPATH} /usr/bin/python3 setup.py egg_info --egg-base ../../build/buoy_detection build --build-base /root/colcon_workspace/build/buoy_detection/build install --record /root/colcon_workspace/build/buoy_detection/install.log --single-version-externally-managed
[0.931s] running egg_info
[0.931s] writing ../../build/buoy_detection/buoy_detection.egg-info/PKG-INFO
[0.932s] writing dependency_links to ../../build/buoy_detection/buoy_detection.egg-info/dependency_links.txt
[0.932s] writing entry points to ../../build/buoy_detection/buoy_detection.egg-info/entry_points.txt
[0.932s] writing requirements to ../../build/buoy_detection/buoy_detection.egg-info/requires.txt
[0.932s] writing top-level names to ../../build/buoy_detection/buoy_detection.egg-info/top_level.txt
[0.934s] reading manifest file '../../build/buoy_detection/buoy_detection.egg-info/SOURCES.txt'
[0.935s] writing manifest file '../../build/buoy_detection/buoy_detection.egg-info/SOURCES.txt'
[0.936s] running build
[0.937s] running build_py
[0.937s] running install
[0.937s] running install_lib
[0.937s] /usr/lib/python3/dist-packages/setuptools/command/install.py:34: SetuptoolsDeprecationWarning: setup.py install is deprecated. Use build and pip and other standards-based tools.
[0.937s]   warnings.warn(
[0.940s] running install_data
[0.940s] running install_egg_info
[0.940s] removing '/root/colcon_workspace/install/buoy_detection/lib/python3.10/site-packages/buoy_detection-0.0.0-py3.10.egg-info' (and everything under it)
[0.940s] Copying ../../build/buoy_detection/buoy_detection.egg-info to /root/colcon_workspace/install/buoy_detection/lib/python3.10/site-packages/buoy_detection-0.0.0-py3.10.egg-info
[0.943s] running install_scripts
[0.968s] Installing ai script to /root/colcon_workspace/install/buoy_detection/lib/buoy_detection
[0.969s] writing list of installed files to '/root/colcon_workspace/build/buoy_detection/install.log'
[0.993s] Invoked command in '/root/colcon_workspace/src/buoy_detection' returned '0': PYTHONPATH=/root/colcon_workspace/build/buoy_detection/prefix_override:/root/colcon_workspace/install/buoy_detection/lib/python3.10/site-packages:${PYTHONPATH} /usr/bin/python3 setup.py egg_info --egg-base ../../build/buoy_detection build --build-base /root/colcon_workspace/build/buoy_detection/build install --record /root/colcon_workspace/build/buoy_detection/install.log --single-version-externally-managed
