[0.868s] Invoking command in '/root/colcon_workspace/src/buoy_detection': PYTHONPATH=/root/colcon_workspace/build/buoy_detection/prefix_override:/root/colcon_workspace/install/buoy_detection/lib/python3.10/site-packages:${PYTHONPATH} /usr/bin/python3 setup.py egg_info --egg-base ../../build/buoy_detection build --build-base /root/colcon_workspace/build/buoy_detection/build install --record /root/colcon_workspace/build/buoy_detection/install.log --single-version-externally-managed
[1.184s] running egg_info
[1.185s] writing ../../build/buoy_detection/buoy_detection.egg-info/PKG-INFO
[1.189s] writing dependency_links to ../../build/buoy_detection/buoy_detection.egg-info/dependency_links.txt
[1.189s] writing entry points to ../../build/buoy_detection/buoy_detection.egg-info/entry_points.txt
[1.190s] writing requirements to ../../build/buoy_detection/buoy_detection.egg-info/requires.txt
[1.190s] writing top-level names to ../../build/buoy_detection/buoy_detection.egg-info/top_level.txt
[1.191s] reading manifest file '../../build/buoy_detection/buoy_detection.egg-info/SOURCES.txt'
[1.200s] writing manifest file '../../build/buoy_detection/buoy_detection.egg-info/SOURCES.txt'
[1.200s] running build
[1.201s] running build_py
[1.201s] running install
[1.201s] running install_lib
[1.204s] running install_data
[1.206s] running install_egg_info
[1.214s] removing '/root/colcon_workspace/install/buoy_detection/lib/python3.10/site-packages/buoy_detection-0.0.0-py3.10.egg-info' (and everything under it)
[1.217s] Copying ../../build/buoy_detection/buoy_detection.egg-info to /root/colcon_workspace/install/buoy_detection/lib/python3.10/site-packages/buoy_detection-0.0.0-py3.10.egg-info
[1.219s] running install_scripts
[1.246s] Installing ai script to /root/colcon_workspace/install/buoy_detection/lib/buoy_detection
[1.247s] writing list of installed files to '/root/colcon_workspace/build/buoy_detection/install.log'
[1.277s] Invoked command in '/root/colcon_workspace/src/buoy_detection' returned '0': PYTHONPATH=/root/colcon_workspace/build/buoy_detection/prefix_override:/root/colcon_workspace/install/buoy_detection/lib/python3.10/site-packages:${PYTHONPATH} /usr/bin/python3 setup.py egg_info --egg-base ../../build/buoy_detection build --build-base /root/colcon_workspace/build/buoy_detection/build install --record /root/colcon_workspace/build/buoy_detection/install.log --single-version-externally-managed
