[0.695s] DEBUG:colcon:Command line arguments: ['/usr/bin/colcon', 'build']
[0.695s] DEBUG:colcon:Parsed command line arguments: Namespace(log_base=None, log_level=None, verb_name='build', build_base='build', install_base='install', merge_install=False, symlink_install=False, test_result_base=None, continue_on_error=False, executor='parallel', parallel_workers=12, event_handlers=None, ignore_user_meta=False, metas=['./colcon.meta'], base_paths=['.'], packages_ignore=None, packages_ignore_regex=None, paths=None, packages_up_to=None, packages_up_to_regex=None, packages_above=None, packages_above_and_dependencies=None, packages_above_depth=None, packages_select_by_dep=None, packages_skip_by_dep=None, packages_skip_up_to=None, packages_select_build_failed=False, packages_skip_build_finished=False, packages_select_test_failures=False, packages_skip_test_passed=False, packages_select=None, packages_skip=None, packages_select_regex=None, packages_skip_regex=None, packages_start=None, packages_end=None, cmake_args=None, cmake_target=None, cmake_target_skip_unavailable=False, cmake_clean_cache=False, cmake_clean_first=False, cmake_force_configure=False, ament_cmake_args=None, catkin_cmake_args=None, catkin_skip_building_tests=False, mixin_files=None, mixin=None, verb_parser=<colcon_mixin.mixin.mixin_argument.MixinArgumentDecorator object at 0x7fa0413e9ff0>, verb_extension=<colcon_core.verb.build.BuildVerb object at 0x7fa041bd1ff0>, main=<bound method BuildVerb.main of <colcon_core.verb.build.BuildVerb object at 0x7fa041bd1ff0>>, mixin_verb=('build',))
[0.784s] Level 1:colcon.colcon_core.package_discovery:discover_packages(colcon_meta) check parameters
[0.787s] INFO:colcon.colcon_metadata.package_discovery.colcon_meta:Using configuration from '/root/.colcon/metadata/default/Gazebo.meta'
[0.788s] INFO:colcon.colcon_metadata.package_discovery.colcon_meta:Using configuration from '/root/.colcon/metadata/default/fastrtps.meta'
[0.788s] Level 1:colcon.colcon_core.package_discovery:discover_packages(recursive) check parameters
[0.788s] Level 1:colcon.colcon_core.package_discovery:discover_packages(ignore) check parameters
[0.788s] Level 1:colcon.colcon_core.package_discovery:discover_packages(path) check parameters
[0.788s] Level 1:colcon.colcon_core.package_discovery:discover_packages(colcon_meta) discover
[0.788s] Level 1:colcon.colcon_core.package_discovery:discover_packages(recursive) discover
[0.789s] INFO:colcon.colcon_core.package_discovery:Crawling recursively for packages in '/root/colcon_workspace'
[0.789s] Level 1:colcon.colcon_core.package_identification:_identify(.) by extensions ['ignore', 'ignore_ament_install']
[0.789s] Level 1:colcon.colcon_core.package_identification:_identify(.) by extension 'ignore'
[0.789s] Level 1:colcon.colcon_core.package_identification:_identify(.) by extension 'ignore_ament_install'
[0.789s] Level 1:colcon.colcon_core.package_identification:_identify(.) by extensions ['colcon_pkg']
[0.789s] Level 1:colcon.colcon_core.package_identification:_identify(.) by extension 'colcon_pkg'
[0.789s] Level 1:colcon.colcon_core.package_identification:_identify(.) by extensions ['colcon_meta']
[0.789s] Level 1:colcon.colcon_core.package_identification:_identify(.) by extension 'colcon_meta'
[0.789s] Level 1:colcon.colcon_core.package_identification:_identify(.) by extensions ['ros']
[0.789s] Level 1:colcon.colcon_core.package_identification:_identify(.) by extension 'ros'
[0.814s] Level 1:colcon.colcon_core.package_identification:_identify(.) by extensions ['cmake', 'python']
[0.814s] Level 1:colcon.colcon_core.package_identification:_identify(.) by extension 'cmake'
[0.814s] Level 1:colcon.colcon_core.package_identification:_identify(.) by extension 'python'
[0.814s] Level 1:colcon.colcon_core.package_identification:_identify(.) by extensions ['python_setup_py']
[0.814s] Level 1:colcon.colcon_core.package_identification:_identify(.) by extension 'python_setup_py'
[0.814s] Level 1:colcon.colcon_core.package_identification:_identify(build) by extensions ['ignore', 'ignore_ament_install']
[0.814s] Level 1:colcon.colcon_core.package_identification:_identify(build) by extension 'ignore'
[0.815s] Level 1:colcon.colcon_core.package_identification:_identify(build) ignored
[0.815s] Level 1:colcon.colcon_core.package_identification:_identify(install) by extensions ['ignore', 'ignore_ament_install']
[0.815s] Level 1:colcon.colcon_core.package_identification:_identify(install) by extension 'ignore'
[0.815s] Level 1:colcon.colcon_core.package_identification:_identify(install) ignored
[0.815s] Level 1:colcon.colcon_core.package_identification:_identify(log) by extensions ['ignore', 'ignore_ament_install']
[0.815s] Level 1:colcon.colcon_core.package_identification:_identify(log) by extension 'ignore'
[0.815s] Level 1:colcon.colcon_core.package_identification:_identify(log) ignored
[0.816s] Level 1:colcon.colcon_core.package_identification:_identify(src) by extensions ['ignore', 'ignore_ament_install']
[0.816s] Level 1:colcon.colcon_core.package_identification:_identify(src) by extension 'ignore'
[0.817s] Level 1:colcon.colcon_core.package_identification:_identify(src) by extension 'ignore_ament_install'
[0.817s] Level 1:colcon.colcon_core.package_identification:_identify(src) by extensions ['colcon_pkg']
[0.817s] Level 1:colcon.colcon_core.package_identification:_identify(src) by extension 'colcon_pkg'
[0.817s] Level 1:colcon.colcon_core.package_identification:_identify(src) by extensions ['colcon_meta']
[0.817s] Level 1:colcon.colcon_core.package_identification:_identify(src) by extension 'colcon_meta'
[0.817s] Level 1:colcon.colcon_core.package_identification:_identify(src) by extensions ['ros']
[0.817s] Level 1:colcon.colcon_core.package_identification:_identify(src) by extension 'ros'
[0.817s] Level 1:colcon.colcon_core.package_identification:_identify(src) by extensions ['cmake', 'python']
[0.817s] Level 1:colcon.colcon_core.package_identification:_identify(src) by extension 'cmake'
[0.817s] Level 1:colcon.colcon_core.package_identification:_identify(src) by extension 'python'
[0.817s] Level 1:colcon.colcon_core.package_identification:_identify(src) by extensions ['python_setup_py']
[0.817s] Level 1:colcon.colcon_core.package_identification:_identify(src) by extension 'python_setup_py'
[0.818s] Level 1:colcon.colcon_core.package_identification:_identify(src/buoy_detection) by extensions ['ignore', 'ignore_ament_install']
[0.818s] Level 1:colcon.colcon_core.package_identification:_identify(src/buoy_detection) by extension 'ignore'
[0.818s] Level 1:colcon.colcon_core.package_identification:_identify(src/buoy_detection) by extension 'ignore_ament_install'
[0.818s] Level 1:colcon.colcon_core.package_identification:_identify(src/buoy_detection) by extensions ['colcon_pkg']
[0.818s] Level 1:colcon.colcon_core.package_identification:_identify(src/buoy_detection) by extension 'colcon_pkg'
[0.818s] Level 1:colcon.colcon_core.package_identification:_identify(src/buoy_detection) by extensions ['colcon_meta']
[0.818s] Level 1:colcon.colcon_core.package_identification:_identify(src/buoy_detection) by extension 'colcon_meta'
[0.818s] Level 1:colcon.colcon_core.package_identification:_identify(src/buoy_detection) by extensions ['ros']
[0.818s] Level 1:colcon.colcon_core.package_identification:_identify(src/buoy_detection) by extension 'ros'
[0.823s] DEBUG:colcon.colcon_core.package_identification:Package 'src/buoy_detection' with type 'ros.ament_python' and name 'buoy_detection'
[0.823s] Level 1:colcon.colcon_core.package_discovery:discover_packages(recursive) using defaults
[0.823s] Level 1:colcon.colcon_core.package_discovery:discover_packages(ignore) discover
[0.823s] Level 1:colcon.colcon_core.package_discovery:discover_packages(ignore) using defaults
[0.823s] Level 1:colcon.colcon_core.package_discovery:discover_packages(path) discover
[0.823s] Level 1:colcon.colcon_core.package_discovery:discover_packages(path) using defaults
[0.860s] Level 5:colcon.colcon_core.verb:set package 'buoy_detection' build argument 'cmake_args' from command line to 'None'
[0.860s] Level 5:colcon.colcon_core.verb:set package 'buoy_detection' build argument 'cmake_target' from command line to 'None'
[0.860s] Level 5:colcon.colcon_core.verb:set package 'buoy_detection' build argument 'cmake_target_skip_unavailable' from command line to 'False'
[0.860s] Level 5:colcon.colcon_core.verb:set package 'buoy_detection' build argument 'cmake_clean_cache' from command line to 'False'
[0.860s] Level 5:colcon.colcon_core.verb:set package 'buoy_detection' build argument 'cmake_clean_first' from command line to 'False'
[0.860s] Level 5:colcon.colcon_core.verb:set package 'buoy_detection' build argument 'cmake_force_configure' from command line to 'False'
[0.860s] Level 5:colcon.colcon_core.verb:set package 'buoy_detection' build argument 'ament_cmake_args' from command line to 'None'
[0.860s] Level 5:colcon.colcon_core.verb:set package 'buoy_detection' build argument 'catkin_cmake_args' from command line to 'None'
[0.860s] Level 5:colcon.colcon_core.verb:set package 'buoy_detection' build argument 'catkin_skip_building_tests' from command line to 'False'
[0.861s] DEBUG:colcon.colcon_core.verb:Building package 'buoy_detection' with the following arguments: {'ament_cmake_args': None, 'build_base': '/root/colcon_workspace/build/buoy_detection', 'catkin_cmake_args': None, 'catkin_skip_building_tests': False, 'cmake_args': None, 'cmake_clean_cache': False, 'cmake_clean_first': False, 'cmake_force_configure': False, 'cmake_target': None, 'cmake_target_skip_unavailable': False, 'install_base': '/root/colcon_workspace/install/buoy_detection', 'merge_install': False, 'path': '/root/colcon_workspace/src/buoy_detection', 'symlink_install': False, 'test_result_base': None}
[0.861s] INFO:colcon.colcon_core.executor:Executing jobs using 'parallel' executor
[0.866s] DEBUG:colcon.colcon_parallel_executor.executor.parallel:run_until_complete
[0.867s] INFO:colcon.colcon_ros.task.ament_python.build:Building ROS package in '/root/colcon_workspace/src/buoy_detection' with build type 'ament_python'
[0.867s] Level 1:colcon.colcon_core.shell:create_environment_hook('buoy_detection', 'ament_prefix_path')
[0.879s] INFO:colcon.colcon_core.plugin_system:Skipping extension 'colcon_core.shell.bat': Not used on non-Windows systems
[0.880s] INFO:colcon.colcon_core.shell:Creating environment hook '/root/colcon_workspace/install/buoy_detection/share/buoy_detection/hook/ament_prefix_path.ps1'
[0.881s] INFO:colcon.colcon_core.shell:Creating environment descriptor '/root/colcon_workspace/install/buoy_detection/share/buoy_detection/hook/ament_prefix_path.dsv'
[0.882s] INFO:colcon.colcon_core.shell:Creating environment hook '/root/colcon_workspace/install/buoy_detection/share/buoy_detection/hook/ament_prefix_path.sh'
[0.885s] INFO:colcon.colcon_core.shell:Skip shell extension 'powershell' for command environment: Not usable outside of PowerShell
[0.886s] DEBUG:colcon.colcon_core.shell:Skip shell extension 'dsv' for command environment
[1.294s] INFO:colcon.colcon_core.task.python.build:Building Python package in '/root/colcon_workspace/src/buoy_detection'
[1.299s] INFO:colcon.colcon_core.shell:Skip shell extension 'powershell' for command environment: Not usable outside of PowerShell
[1.299s] DEBUG:colcon.colcon_core.shell:Skip shell extension 'dsv' for command environment
[1.859s] DEBUG:colcon.colcon_core.event_handler.log_command:Invoking command in '/root/colcon_workspace/src/buoy_detection': PYTHONPATH=/root/colcon_workspace/build/buoy_detection/prefix_override:/root/colcon_workspace/install/buoy_detection/lib/python3.10/site-packages:${PYTHONPATH} /usr/bin/python3 setup.py egg_info --egg-base ../../build/buoy_detection build --build-base /root/colcon_workspace/build/buoy_detection/build install --record /root/colcon_workspace/build/buoy_detection/install.log --single-version-externally-managed
[2.281s] DEBUG:colcon.colcon_core.event_handler.log_command:Invoked command in '/root/colcon_workspace/src/buoy_detection' returned '0': PYTHONPATH=/root/colcon_workspace/build/buoy_detection/prefix_override:/root/colcon_workspace/install/buoy_detection/lib/python3.10/site-packages:${PYTHONPATH} /usr/bin/python3 setup.py egg_info --egg-base ../../build/buoy_detection build --build-base /root/colcon_workspace/build/buoy_detection/build install --record /root/colcon_workspace/build/buoy_detection/install.log --single-version-externally-managed
[2.299s] Level 1:colcon.colcon_core.environment:checking '/root/colcon_workspace/install/buoy_detection' for CMake module files
[2.300s] Level 1:colcon.colcon_core.environment:checking '/root/colcon_workspace/install/buoy_detection' for CMake config files
[2.301s] Level 1:colcon.colcon_core.environment:checking '/root/colcon_workspace/install/buoy_detection/lib'
[2.301s] Level 1:colcon.colcon_core.environment:checking '/root/colcon_workspace/install/buoy_detection/bin'
[2.301s] Level 1:colcon.colcon_core.environment:checking '/root/colcon_workspace/install/buoy_detection/lib/pkgconfig/buoy_detection.pc'
[2.301s] Level 1:colcon.colcon_core.environment:checking '/root/colcon_workspace/install/buoy_detection/lib/python3.10/site-packages'
[2.302s] Level 1:colcon.colcon_core.shell:create_environment_hook('buoy_detection', 'pythonpath')
[2.304s] INFO:colcon.colcon_core.shell:Creating environment hook '/root/colcon_workspace/install/buoy_detection/share/buoy_detection/hook/pythonpath.ps1'
[2.304s] INFO:colcon.colcon_core.shell:Creating environment descriptor '/root/colcon_workspace/install/buoy_detection/share/buoy_detection/hook/pythonpath.dsv'
[2.305s] INFO:colcon.colcon_core.shell:Creating environment hook '/root/colcon_workspace/install/buoy_detection/share/buoy_detection/hook/pythonpath.sh'
[2.305s] Level 1:colcon.colcon_core.environment:checking '/root/colcon_workspace/install/buoy_detection/bin'
[2.305s] Level 1:colcon.colcon_core.environment:create_environment_scripts_only(buoy_detection)
[2.308s] INFO:colcon.colcon_core.shell:Creating package script '/root/colcon_workspace/install/buoy_detection/share/buoy_detection/package.ps1'
[2.309s] INFO:colcon.colcon_core.shell:Creating package descriptor '/root/colcon_workspace/install/buoy_detection/share/buoy_detection/package.dsv'
[2.311s] INFO:colcon.colcon_core.shell:Creating package script '/root/colcon_workspace/install/buoy_detection/share/buoy_detection/package.sh'
[2.312s] INFO:colcon.colcon_core.shell:Creating package script '/root/colcon_workspace/install/buoy_detection/share/buoy_detection/package.bash'
[2.313s] INFO:colcon.colcon_core.shell:Creating package script '/root/colcon_workspace/install/buoy_detection/share/buoy_detection/package.zsh'
[2.315s] Level 1:colcon.colcon_core.environment:create_file_with_runtime_dependencies(/root/colcon_workspace/install/buoy_detection/share/colcon-core/packages/buoy_detection)
[2.315s] DEBUG:colcon.colcon_parallel_executor.executor.parallel:closing loop
[2.316s] DEBUG:colcon.colcon_parallel_executor.executor.parallel:loop closed
[2.316s] DEBUG:colcon.colcon_parallel_executor.executor.parallel:run_until_complete finished with '0'
[2.317s] DEBUG:colcon.colcon_core.event_reactor:joining thread
[2.340s] INFO:colcon.colcon_core.plugin_system:Skipping extension 'colcon_notification.desktop_notification.notify_send': Could not find 'notify-send'
[2.340s] INFO:colcon.colcon_core.plugin_system:Skipping extension 'colcon_notification.desktop_notification.terminal_notifier': Not used on non-Darwin systems
[2.340s] INFO:colcon.colcon_core.plugin_system:Skipping extension 'colcon_notification.desktop_notification.win32': Not used on non-Windows systems
[2.340s] INFO:colcon.colcon_notification.desktop_notification:Sending desktop notification using 'notify2'
[2.349s] DEBUG:colcon.colcon_notification.desktop_notification.notify2:Failed to initialize notify2: org.freedesktop.DBus.Error.Spawn.ExecFailed: /usr/bin/dbus-launch terminated abnormally without any error message
[2.350s] DEBUG:colcon.colcon_core.event_reactor:joined thread
[2.354s] INFO:colcon.colcon_core.shell:Creating prefix script '/root/colcon_workspace/install/local_setup.ps1'
[2.356s] INFO:colcon.colcon_core.shell:Creating prefix util module '/root/colcon_workspace/install/_local_setup_util_ps1.py'
[2.359s] INFO:colcon.colcon_core.shell:Creating prefix chain script '/root/colcon_workspace/install/setup.ps1'
[2.362s] INFO:colcon.colcon_core.shell:Creating prefix script '/root/colcon_workspace/install/local_setup.sh'
[2.363s] INFO:colcon.colcon_core.shell:Creating prefix util module '/root/colcon_workspace/install/_local_setup_util_sh.py'
[2.364s] INFO:colcon.colcon_core.shell:Creating prefix chain script '/root/colcon_workspace/install/setup.sh'
[2.367s] INFO:colcon.colcon_core.shell:Creating prefix script '/root/colcon_workspace/install/local_setup.bash'
[2.368s] INFO:colcon.colcon_core.shell:Creating prefix chain script '/root/colcon_workspace/install/setup.bash'
[2.370s] INFO:colcon.colcon_core.shell:Creating prefix script '/root/colcon_workspace/install/local_setup.zsh'
[2.371s] INFO:colcon.colcon_core.shell:Creating prefix chain script '/root/colcon_workspace/install/setup.zsh'
