running egg_info
creating ../../build/buoy_detection/buoy_detection.egg-info
writing ../../build/buoy_detection/buoy_detection.egg-info/PKG-INFO
writing dependency_links to ../../build/buoy_detection/buoy_detection.egg-info/dependency_links.txt
writing entry points to ../../build/buoy_detection/buoy_detection.egg-info/entry_points.txt
writing requirements to ../../build/buoy_detection/buoy_detection.egg-info/requires.txt
writing top-level names to ../../build/buoy_detection/buoy_detection.egg-info/top_level.txt
writing manifest file '../../build/buoy_detection/buoy_detection.egg-info/SOURCES.txt'
reading manifest file '../../build/buoy_detection/buoy_detection.egg-info/SOURCES.txt'
writing manifest file '../../build/buoy_detection/buoy_detection.egg-info/SOURCES.txt'
running build
running build_py
creating /root/colcon_workspace/build/buoy_detection/build
creating /root/colcon_workspace/build/buoy_detection/build/lib
creating /root/colcon_workspace/build/buoy_detection/build/lib/buoy_detection
copying buoy_detection/__init__.py -> /root/colcon_workspace/build/buoy_detection/build/lib/buoy_detection
running install
running install_lib
creating /root/colcon_workspace/install/buoy_detection/lib/python3.10/site-packages/buoy_detection
copying /root/colcon_workspace/build/buoy_detection/build/lib/buoy_detection/__init__.py -> /root/colcon_workspace/install/buoy_detection/lib/python3.10/site-packages/buoy_detection
byte-compiling /root/colcon_workspace/install/buoy_detection/lib/python3.10/site-packages/buoy_detection/__init__.py to __init__.cpython-310.pyc
running install_data
running install_egg_info
Copying ../../build/buoy_detection/buoy_detection.egg-info to /root/colcon_workspace/install/buoy_detection/lib/python3.10/site-packages/buoy_detection-0.0.0-py3.10.egg-info
running install_scripts
Installing ai script to /root/colcon_workspace/install/buoy_detection/lib/buoy_detection
writing list of installed files to '/root/colcon_workspace/build/buoy_detection/install.log'
