[0.702s] Invoking command in '/root/colcon_workspace/src/buoy_detection': PYTHONPATH=/root/colcon_workspace/build/buoy_detection/prefix_override:/root/colcon_workspace/install/buoy_detection/lib/python3.10/site-packages:${PYTHONPATH} /usr/bin/python3 setup.py egg_info --egg-base ../../build/buoy_detection build --build-base /root/colcon_workspace/build/buoy_detection/build install --record /root/colcon_workspace/build/buoy_detection/install.log --single-version-externally-managed
[0.958s] running egg_info
[0.959s] creating ../../build/buoy_detection/buoy_detection.egg-info
[0.959s] writing ../../build/buoy_detection/buoy_detection.egg-info/PKG-INFO
[0.959s] writing dependency_links to ../../build/buoy_detection/buoy_detection.egg-info/dependency_links.txt
[0.960s] writing entry points to ../../build/buoy_detection/buoy_detection.egg-info/entry_points.txt
[0.960s] writing requirements to ../../build/buoy_detection/buoy_detection.egg-info/requires.txt
[0.960s] writing top-level names to ../../build/buoy_detection/buoy_detection.egg-info/top_level.txt
[0.960s] writing manifest file '../../build/buoy_detection/buoy_detection.egg-info/SOURCES.txt'
[0.962s] reading manifest file '../../build/buoy_detection/buoy_detection.egg-info/SOURCES.txt'
[0.963s] writing manifest file '../../build/buoy_detection/buoy_detection.egg-info/SOURCES.txt'
[0.963s] running build
[0.963s] running build_py
[0.963s] creating /root/colcon_workspace/build/buoy_detection/build
[0.963s] creating /root/colcon_workspace/build/buoy_detection/build/lib
[0.964s] creating /root/colcon_workspace/build/buoy_detection/build/lib/buoy_detection
[0.964s] copying buoy_detection/__init__.py -> /root/colcon_workspace/build/buoy_detection/build/lib/buoy_detection
[0.965s] running install
[0.965s] /usr/lib/python3/dist-packages/setuptools/command/install.py:34: SetuptoolsDeprecationWarning: setup.py install is deprecated. Use build and pip and other standards-based tools.
[0.966s]   warnings.warn(
[0.966s] running install_lib
[0.967s] creating /root/colcon_workspace/install/buoy_detection/lib/python3.10/site-packages/buoy_detection
[0.967s] copying /root/colcon_workspace/build/buoy_detection/build/lib/buoy_detection/__init__.py -> /root/colcon_workspace/install/buoy_detection/lib/python3.10/site-packages/buoy_detection
[0.968s] byte-compiling /root/colcon_workspace/install/buoy_detection/lib/python3.10/site-packages/buoy_detection/__init__.py to __init__.cpython-310.pyc
[0.968s] running install_data
[0.969s] running install_egg_info
[0.971s] Copying ../../build/buoy_detection/buoy_detection.egg-info to /root/colcon_workspace/install/buoy_detection/lib/python3.10/site-packages/buoy_detection-0.0.0-py3.10.egg-info
[0.972s] running install_scripts
[0.997s] Installing ai script to /root/colcon_workspace/install/buoy_detection/lib/buoy_detection
[0.998s] writing list of installed files to '/root/colcon_workspace/build/buoy_detection/install.log'
[1.034s] Invoked command in '/root/colcon_workspace/src/buoy_detection' returned '0': PYTHONPATH=/root/colcon_workspace/build/buoy_detection/prefix_override:/root/colcon_workspace/install/buoy_detection/lib/python3.10/site-packages:${PYTHONPATH} /usr/bin/python3 setup.py egg_info --egg-base ../../build/buoy_detection build --build-base /root/colcon_workspace/build/buoy_detection/build install --record /root/colcon_workspace/build/buoy_detection/install.log --single-version-externally-managed
